<?xml version="1.0" encoding="UTF-8"?>
<testng-results ignored="0" total="2" passed="2" failed="0" skipped="0">
  <reporter-output>
  </reporter-output>
  <suite started-at="2026-03-02T15:25:16 IST" name="Default suite" finished-at="2026-03-02T15:25:20 IST" duration-ms="4066">
    <groups>
    </groups>
    <test started-at="2026-03-02T15:25:16 IST" name="Default test" finished-at="2026-03-02T15:25:20 IST" duration-ms="4066">
      <class name="com.example.ParallelDemoTest">
        <test-method signature="testMethod1()[pri:0, instance:com.example.ParallelDemoTest@5f6722d3]" started-at="2026-03-02T15:25:16 IST" name="testMethod1" finished-at="2026-03-02T15:25:18 IST" duration-ms="2012" status="PASS">
          <reporter-output>
          </reporter-output>
        </test-method> <!-- testMethod1 -->
        <test-method signature="testMethod2()[pri:0, instance:com.example.ParallelDemoTest@5f6722d3]" started-at="2026-03-02T15:25:18 IST" name="testMethod2" finished-at="2026-03-02T15:25:20 IST" duration-ms="2009" status="PASS">
          <reporter-output>
          </reporter-output>
        </test-method> <!-- testMethod2 -->
      </class> <!-- com.example.ParallelDemoTest -->
    </test> <!-- Default test -->
  </suite> <!-- Default suite -->
</testng-results>
