<?xml version="1.0" encoding="UTF-8"?>
<!-- Generated by org.testng.reporters.JUnitReportReporter -->
<testsuite hostname="vignesh_2411" failures="0" tests="3" name="com.example.DataProviderDemoTest" time="0.015" errors="0" timestamp="2026-03-02T15:18:42 IST" skipped="0">
  <testcase classname="com.example.DataProviderDemoTest" name="testAddition" time="0.011"/>
  <testcase classname="com.example.DataProviderDemoTest" name="testAddition" time="0.002"/>
  <testcase classname="com.example.DataProviderDemoTest" name="testAddition" time="0.002"/>
</testsuite> <!-- com.example.DataProviderDemoTest -->
